빌드 시작: 2016-06-09 오전 12:20:00
     1>2 노드의 "G:\설프\Project 3\[Project 3] 2015104220_정종윤\[Project 3] 2015104220_정종윤\[Project 3] 2015104220_정종윤.vcxproj" 프로젝트(Build 대상)입니다.
     1>ClCompile:
         C:\Program Files (x86)\Microsoft Visual Studio 12.0\VC\bin\CL.exe /c /ZI /nologo /W3 /WX- /sdl /Od /Oy- /D WIN32 /D _DEBUG /D _CONSOLE /D _LIB /D _UNICODE /D UNICODE /Gm /EHsc /RTC1 /MDd /GS /fp:precise /Zc:wchar_t /Zc:forScope /Fo"Debug\\" /Fd"Debug\vc120.pdb" /Gd /TP /analyze- /errorReport:prompt App.cpp Buyer.cpp main.cpp Room.cpp RoomForRent.cpp RoomForSale.cpp Seller.cpp User.cpp
         User.cpp
         Seller.cpp
         RoomForSale.cpp
         RoomForRent.cpp
         Room.cpp
         main.cpp
         Buyer.cpp
         App.cpp
         코드를 생성하고 있습니다...
       Link:
         C:\Program Files (x86)\Microsoft Visual Studio 12.0\VC\bin\link.exe /ERRORREPORT:PROMPT /OUT:"G:\설프\Project 3\[Project 3] 2015104220_정종윤\Debug\[Project 3] 2015104220_정종윤.exe" /INCREMENTAL /NOLOGO kernel32.lib user32.lib gdi32.lib winspool.lib comdlg32.lib advapi32.lib shell32.lib ole32.lib oleaut32.lib uuid.lib odbc32.lib odbccp32.lib /MANIFEST /MANIFESTUAC:"level='asInvoker' uiAccess='false'" /manifest:embed /DEBUG /PDB:"G:\설프\Project 3\[Project 3] 2015104220_정종윤\Debug\[Project 3] 2015104220_정종윤.pdb" /SUBSYSTEM:CONSOLE /TLBID:1 /DYNAMICBASE /NXCOMPAT /IMPLIB:"G:\설프\Project 3\[Project 3] 2015104220_정종윤\Debug\[Project 3] 2015104220_정종윤.lib" /MACHINE:X86 Debug\App.obj
         Debug\Buyer.obj
         Debug\main.obj
         Debug\Room.obj
         Debug\RoomForRent.obj
         Debug\RoomForSale.obj
         Debug\Seller.obj
         Debug\User.obj
         [Project 3] 2015104220_정종윤.vcxproj -> G:\설프\Project 3\[Project 3] 2015104220_정종윤\Debug\[Project 3] 2015104220_정종윤.exe
     1>"G:\설프\Project 3\[Project 3] 2015104220_정종윤\[Project 3] 2015104220_정종윤\[Project 3] 2015104220_정종윤.vcxproj" 프로젝트를 빌드했습니다(Build 대상).

빌드했습니다.

경과 시간: 00:00:34.31
